Wed 20 Mar 2024 05:41:55 PM UTC: 
 tests:  0|5
total_score: 0/70
66a27de
Wed 20 Mar 2024 05:44:11 PM UTC: 
 exercises.c | 4 ++++
 1 file changed, 4 insertions(+)
In file included from test.c:5:
exercises.c: In function ‘crea_lista’:
exercises.c:48:13: error: unused variable ‘dato’ [-Werror=unused-variable]
   48 |        int* dato = (int*)malloc(sizeof(int));
      |             ^~~~
cc1: all warnings being treated as errors
Compilation failed
421327b
Wed 20 Mar 2024 05:44:23 PM UTC: 
 exercises.c | 2 +-
 1 file changed, 1 insertion(+), 1 deletion(-)
In file included from test.c:5:
exercises.c: In function ‘crea_lista’:
exercises.c:48:13: error: unused variable ‘i’ [-Werror=unused-variable]
   48 |        int* i = (int*)malloc(sizeof(int));
      |             ^
cc1: all warnings being treated as errors
Compilation failed
a7ace2a
Wed 20 Mar 2024 06:09:11 PM UTC: 
 exercises.c | 14 ++++++++++----
 1 file changed, 10 insertions(+), 4 deletions(-)
In file included from test.c:6:
arraylist.c: In function ‘create_list’:
arraylist.c:15:34: error: invalid application of ‘sizeof’ to incomplete type ‘List’
   15 |   List* L = (List*)malloc(sizeof(List));
      |                                  ^~~~
arraylist.c:16:4: error: invalid use of incomplete typedef ‘List’
   16 |   L->current = 0;
      |    ^~
arraylist.c:17:4: error: invalid use of incomplete typedef ‘List’
   17 |   L->size = 0;
      |    ^~
arraylist.c: In function ‘first’:
arraylist.c:22:7: error: invalid use of incomplete typedef ‘List’
   22 |   if(L->size == 0) {
      |       ^~
arraylist.c:25:4: error: invalid use of incomplete typedef ‘List’
   25 |   L->current = 0;
      |    ^~
arraylist.c:26:11: error: invalid use of incomplete typedef ‘List’
   26 |   return L->data[L->current];
      |           ^~
arraylist.c:26:19: error: invalid use of incomplete typedef ‘List’
   26 |   return L->data[L->current];
      |                   ^~
arraylist.c: In function ‘next’:
arraylist.c:30:7: error: invalid use of incomplete typedef ‘List’
   30 |   if(L->current < L->size - 1) {
      |       ^~
arraylist.c:30:20: error: invalid use of incomplete typedef ‘List’
   30 |   if(L->current < L->size - 1) {
      |                    ^~
arraylist.c:31:6: error: invalid use of incomplete typedef ‘List’
   31 |     L->current++;
      |      ^~
arraylist.c:32:13: error: invalid use of incomplete typedef ‘List’
   32 |     return L->data[L->current];
      |             ^~
arraylist.c:32:21: error: invalid use of incomplete typedef ‘List’
   32 |     return L->data[L->current];
      |                     ^~
arraylist.c: In function ‘pushFront’:
arraylist.c:38:7: error: invalid use of incomplete typedef ‘List’
   38 |   if(L->size == 0) {
      |       ^~
arraylist.c:39:6: error: invalid use of incomplete typedef ‘List’
   39 |     L->data[0] = dato;
      |      ^~
arraylist.c:40:6: error: invalid use of incomplete typedef ‘List’
   40 |     L->size++;
      |      ^~
arraylist.c:43:16: error: invalid use of incomplete typedef ‘List’
   43 |   for(int i = L->size; i > 0; i--) {
      |                ^~
arraylist.c:44:6: error: invalid use of incomplete typedef ‘List’
   44 |     L->data[i] = L->data[i - 1];
      |      ^~
arraylist.c:44:19: error: invalid use of incomplete typedef ‘List’
   44 |     L->data[i] = L->data[i - 1];
      |                   ^~
arraylist.c:46:4: error: invalid use of incomplete typedef ‘List’
   46 |   L->data[0] = dato;
      |    ^~
arraylist.c:47:4: error: invalid use of incomplete typedef ‘List’
   47 |   L->size++;
      |    ^~
arraylist.c: In function ‘pushBack’:
arraylist.c:51:4: error: invalid use of incomplete typedef ‘List’
   51 |   L->data[L->size] = dato;
      |    ^~
arraylist.c:51:12: error: invalid use of incomplete typedef ‘List’
   51 |   L->data[L->size] = dato;
      |            ^~
arraylist.c:52:4: error: invalid use of incomplete typedef ‘List’
   52 |   L->size++;
      |    ^~
arraylist.c: In function ‘pushCurrent’:
arraylist.c:56:7: error: invalid use of incomplete typedef ‘List’
   56 |   if(L->size == 0) {
      |       ^~
arraylist.c:57:6: error: invalid use of incomplete typedef ‘List’
   57 |     L->data[0] = dato;
      |      ^~
arraylist.c:58:6: error: invalid use of incomplete typedef ‘List’
   58 |     L->size++;
      |      ^~
arraylist.c:61:16: error: invalid use of incomplete typedef ‘List’
   61 |   for(int i = L->size; i > L->current; i--) {
      |                ^~
arraylist.c:61:29: error: invalid use of incomplete typedef ‘List’
   61 |   for(int i = L->size; i > L->current; i--) {
      |                             ^~
arraylist.c:62:6: error: invalid use of incomplete typedef ‘List’
   62 |     L->data[i] = L->data[i - 1];
      |      ^~
arraylist.c:62:19: error: invalid use of incomplete typedef ‘List’
   62 |     L->data[i] = L->data[i - 1];
      |                   ^~
arraylist.c:64:4: error: invalid use of incomplete typedef ‘List’
   64 |   L->data[L->current + 1] = dato;
      |    ^~
arraylist.c:64:12: error: invalid use of incomplete typedef ‘List’
   64 |   L->data[L->current + 1] = dato;
      |            ^~
arraylist.c:65:4: error: invalid use of incomplete typedef ‘List’
   65 |   L->size++;
      |    ^~
arraylist.c: In function ‘popFront’:
arraylist.c:69:7: error: invalid use of incomplete typedef ‘List’
   69 |   if(L->size == 0) {
      |       ^~
arraylist.c:72:17: error: invalid use of incomplete typedef ‘List’
   72 |   void* dato = L->data[0];
      |                 ^~
arraylist.c:73:23: error: invalid use of incomplete typedef ‘List’
   73 |   for(int i = 0; i < L->size - 1; i++) {
      |                       ^~
arraylist.c:74:6: error: invalid use of incomplete typedef ‘List’
   74 |     L->data[i] = L->data[i + 1];
      |      ^~
arraylist.c:74:19: error: invalid use of incomplete typedef ‘List’
   74 |     L->data[i] = L->data[i + 1];
      |                   ^~
arraylist.c:76:4: error: invalid use of incomplete typedef ‘List’
   76 |   L->size--;
      |    ^~
arraylist.c: In function ‘popBack’:
arraylist.c:81:7: error: invalid use of incomplete typedef ‘List’
   81 |   if(L->size == 0) {
      |       ^~
arraylist.c:84:17: error: invalid use of incomplete typedef ‘List’
   84 |   void* dato = L->data[L->size - 1];
      |                 ^~
arraylist.c:84:25: error: invalid use of incomplete typedef ‘List’
   84 |   void* dato = L->data[L->size - 1];
      |                         ^~
arraylist.c:85:4: error: invalid use of incomplete typedef ‘List’
   85 |   L->size--;
      |    ^~
arraylist.c: In function ‘popCurrent’:
arraylist.c:90:7: error: invalid use of incomplete typedef ‘List’
   90 |   if(L->size == 0) {
      |       ^~
arraylist.c:93:17: error: invalid use of incomplete typedef ‘List’
   93 |   void* dato = L->data[L->current];
      |                 ^~
arraylist.c:93:25: error: invalid use of incomplete typedef ‘List’
   93 |   void* dato = L->data[L->current];
      |                         ^~
arraylist.c:94:16: error: invalid use of incomplete typedef ‘List’
   94 |   for(int i = L->current; i < L->size - 1; i++) {
      |                ^~
arraylist.c:94:32: error: invalid use of incomplete typedef ‘List’
   94 |   for(int i = L->current; i < L->size - 1; i++) {
      |                                ^~
arraylist.c:95:6: error: invalid use of incomplete typedef ‘List’
   95 |     L->data[i] = L->data[i + 1];
      |      ^~
arraylist.c:95:19: error: invalid use of incomplete typedef ‘List’
   95 |     L->data[i] = L->data[i + 1];
      |                   ^~
arraylist.c:97:4: error: invalid use of incomplete typedef ‘List’
   97 |   L->size--;
      |    ^~
arraylist.c:98:4: error: invalid use of incomplete typedef ‘List’
   98 |   L->current--;
      |    ^~
arraylist.c: In function ‘get_size’:
arraylist.c:103:11: error: invalid use of incomplete typedef ‘List’
  103 |   return L->size;
      |           ^~
test.c: In function ‘crea_lista’:
test.c:253:5: error: ‘main’ is normally a non-static function [-Werror=main]
  253 | int main( int argc, char *argv[] ) {
      |     ^~~~
test.c:271:1: error: expected declaration or statement at end of input
  271 | }
      | ^
test.c:271:1: error: expected declaration or statement at end of input
test.c:272: error: control reaches end of non-void function [-Werror=return-type]
In file included from test.c:6:
arraylist.c: In function ‘first’:
arraylist.c:27:1: error: control reaches end of non-void function [-Werror=return-type]
   27 | }
      | ^
At top level:
test.c:253:5: error: ‘main’ defined but not used [-Werror=unused-function]
  253 | int main( int argc, char *argv[] ) {
      |     ^~~~
test.c:37:6: error: ‘info_msg’ defined but not used [-Werror=unused-function]
   37 | void info_msg(char* msg){
      |      ^~~~~~~~
In file included from test.c:6:
arraylist.c:102:5: error: ‘get_size’ defined but not used [-Werror=unused-function]
  102 | int get_size(List *L) {
      |     ^~~~~~~~
arraylist.c:89:7: error: ‘popCurrent’ defined but not used [-Werror=unused-function]
   89 | void* popCurrent(List *L) {
      |       ^~~~~~~~~~
arraylist.c:80:7: error: ‘popBack’ defined but not used [-Werror=unused-function]
   80 | void* popBack(List *L) {
      |       ^~~~~~~
arraylist.c:68:7: error: ‘popFront’ defined but not used [-Werror=unused-function]
   68 | void* popFront(List *L) {
      |       ^~~~~~~~
arraylist.c:55:6: error: ‘pushCurrent’ defined but not used [-Werror=unused-function]
   55 | void pushCurrent(List *L, void *dato) {
      |      ^~~~~~~~~~~
arraylist.c:37:6: error: ‘pushFront’ defined but not used [-Werror=unused-function]
   37 | void pushFront(List *L, void *dato) {
      |      ^~~~~~~~~
cc1: all warnings being treated as errors
Compilation failed
b614371
Wed 20 Mar 2024 06:14:34 PM UTC: 
 exercises.c | 3 +++
 1 file changed, 3 insertions(+)
 tests:  1|4
total_score: 10/70
47b99f2
Wed 20 Mar 2024 06:18:28 PM UTC: 
 exercises.c | 23 +++++++++++++++++++++--
 1 file changed, 21 insertions(+), 2 deletions(-)
 tests:  3|2
total_score: 40/70
117993b
Thu 21 Mar 2024 12:13:09 AM UTC: 
 exercises.c | 7 +++++++
 1 file changed, 7 insertions(+)
In file included from test.c:5:
exercises.c: In function ‘copia_pila’:
exercises.c:112:23: error: expected ‘;’ before ‘}’ token
  112 |     exit(EXIT_FAILURE)
      |                       ^
      |                       ;
  113 |   }
      |   ~                    
exercises.c:115:11: error: implicit declaration of function ‘is_empty’ [-Werror=implicit-function-declaration]
  115 |   while (!is_empty(P1)) {
      |           ^~~~~~~~
cc1: all warnings being treated as errors
Compilation failed
66cc3c0
Thu 21 Mar 2024 12:15:06 AM UTC: 
 exercises.c | 9 +++++++++
 1 file changed, 9 insertions(+)
In file included from test.c:5:
exercises.c: In function ‘copia_pila’:
exercises.c:112:23: error: expected ‘;’ before ‘}’ token
  112 |     exit(EXIT_FAILURE)
      |                       ^
      |                       ;
  113 |   }
      |   ~                    
exercises.c:115:11: error: implicit declaration of function ‘is_empty’ [-Werror=implicit-function-declaration]
  115 |   while (!is_empty(P1)) {
      |           ^~~~~~~~
exercises.c:126:3: error: implicit declaration of function ‘free_stacl’; did you mean ‘create_stack’? [-Werror=implicit-function-declaration]
  126 |   free_stacl(aux) ;
      |   ^~~~~~~~~~
      |   create_stack
cc1: all warnings being treated as errors
Compilation failed
574427a
Thu 21 Mar 2024 12:15:14 AM UTC: 
 exercises.c | 2 +-
 1 file changed, 1 insertion(+), 1 deletion(-)
In file included from test.c:5:
exercises.c: In function ‘copia_pila’:
exercises.c:112:23: error: expected ‘;’ before ‘}’ token
  112 |     exit(EXIT_FAILURE)
      |                       ^
      |                       ;
  113 |   }
      |   ~                    
exercises.c:115:11: error: implicit declaration of function ‘is_empty’ [-Werror=implicit-function-declaration]
  115 |   while (!is_empty(P1)) {
      |           ^~~~~~~~
exercises.c:126:3: error: implicit declaration of function ‘free_stack’; did you mean ‘create_stack’? [-Werror=implicit-function-declaration]
  126 |   free_stack(aux) ;
      |   ^~~~~~~~~~
      |   create_stack
cc1: all warnings being treated as errors
Compilation failed
e8398b7
Thu 21 Mar 2024 12:17:39 AM UTC: 
 exercises.c | 2 +-
 1 file changed, 1 insertion(+), 1 deletion(-)
In file included from test.c:5:
exercises.c: In function ‘copia_pila’:
exercises.c:115:11: error: implicit declaration of function ‘is_empty’ [-Werror=implicit-function-declaration]
  115 |   while (!is_empty(P1)) {
      |           ^~~~~~~~
exercises.c:126:3: error: implicit declaration of function ‘free_stack’; did you mean ‘create_stack’? [-Werror=implicit-function-declaration]
  126 |   free_stack(aux) ;
      |   ^~~~~~~~~~
      |   create_stack
cc1: all warnings being treated as errors
Compilation failed
f3aaaed
Thu 21 Mar 2024 12:20:07 AM UTC: 
 exercises.c | 3 ++-
 1 file changed, 2 insertions(+), 1 deletion(-)
In file included from test.c:5:
exercises.c: In function ‘copia_pila’:
exercises.c:115:13: error: implicit declaration of function ‘is_empty’ [-Werror=implicit-function-declaration]
  115 |     while (!is_empty(P1)) {
      |             ^~~~~~~~
exercises.c:125:5: error: implicit declaration of function ‘free_stack’; did you mean ‘create_stack’? [-Werror=implicit-function-declaration]
  125 |     free_stack(aux);
      |     ^~~~~~~~~~
      |     create_stack
cc1: all warnings being treated as errors
Compilation failed
48f4c15
Thu 21 Mar 2024 12:25:59 AM UTC: 
 exercises.c | 18 ++++++++++++------
 1 file changed, 12 insertions(+), 6 deletions(-)
In file included from test.c:5:
exercises.c: In function ‘copia_pila’:
exercises.c:120:13: error: implicit declaration of function ‘stack_is_empty’ [-Werror=implicit-function-declaration]
  120 |     while (!stack_is_empty(P1)) {
      |             ^~~~~~~~~~~~~~
exercises.c:131:5: error: implicit declaration of function ‘free_stack’; did you mean ‘create_stack’? [-Werror=implicit-function-declaration]
  131 |     free_stack(aux);
      |     ^~~~~~~~~~
      |     create_stack
cc1: all warnings being treated as errors
Compilation failed
bf13110
Thu 21 Mar 2024 12:26:07 AM UTC: 
 exercises.c | 2 +-
 1 file changed, 1 insertion(+), 1 deletion(-)
In file included from test.c:5:
exercises.c: In function ‘copia_pila’:
exercises.c:120:13: error: implicit declaration of function ‘stack_is_empty’ [-Werror=implicit-function-declaration]
  120 |     while (!stack_is_empty(P1)) {
      |             ^~~~~~~~~~~~~~
exercises.c:131:5: error: implicit declaration of function ‘destroy_stack’ [-Werror=implicit-function-declaration]
  131 |     destroy_stack(aux);
      |     ^~~~~~~~~~~~~
cc1: all warnings being treated as errors
Compilation failed
62aa91f
Thu 21 Mar 2024 12:26:20 AM UTC: 
 exercises.c | 2 +-
 1 file changed, 1 insertion(+), 1 deletion(-)
In file included from test.c:5:
exercises.c: In function ‘copia_pila’:
exercises.c:120:13: error: implicit declaration of function ‘stack_is_empty’ [-Werror=implicit-function-declaration]
  120 |     while (!stack_is_empty(P1)) {
      |             ^~~~~~~~~~~~~~
cc1: all warnings being treated as errors
Compilation failed
a1afcf3
Thu 21 Mar 2024 12:28:43 AM UTC: 
 exercises.c | 4 ++--
 1 file changed, 2 insertions(+), 2 deletions(-)
In file included from test.c:5:
exercises.c: In function ‘copia_pila’:
exercises.c:120:20: error: lvalue required as left operand of assignment
  120 |     while (top(P1) /= 0) {
      |                    ^~
Compilation failed
603efd1
Thu 21 Mar 2024 12:28:53 AM UTC: 
 exercises.c | 2 +-
 1 file changed, 1 insertion(+), 1 deletion(-)
 tests:  4|1
total_score: 50/70
195e21e
Thu 21 Mar 2024 12:37:45 AM UTC: 
 exercises.c | 24 ++++++++++++++++++++++--
 1 file changed, 22 insertions(+), 2 deletions(-)
In file included from test.c:5:
exercises.c: In function ‘parentesisBalanceados’:
exercises.c:140:17: error: implicit declaration of function ‘createStack’; did you mean ‘create_stack’? [-Werror=implicit-function-declaration]
  140 |   Stack *pila = createStack();
      |                 ^~~~~~~~~~~
      |                 create_stack
exercises.c:140:17: error: initialization of ‘Stack *’ {aka ‘List *’} from ‘int’ makes pointer from integer without a cast [-Werror=int-conversion]
exercises.c:149:11: error: implicit declaration of function ‘isEmpty’ [-Werror=implicit-function-declaration]
  149 |       if (isEmpty(pila)) {
      |           ^~~~~~~
exercises.c:150:11: error: implicit declaration of function ‘freeStack’; did you mean ‘create_stack’? [-Werror=implicit-function-declaration]
  150 |           freeStack(pila);
      |           ^~~~~~~~~
      |           create_stack
cc1: all warnings being treated as errors
Compilation failed
dcc5066
Thu 21 Mar 2024 12:40:15 AM UTC: 
 exercises.c | 10 +++++++---
 1 file changed, 7 insertions(+), 3 deletions(-)
In file included from test.c:5:
exercises.c: In function ‘parentesisBalanceados’:
exercises.c:140:19: error: implicit declaration of function ‘createStack’; did you mean ‘create_stack’? [-Werror=implicit-function-declaration]
  140 |     Stack *pila = createStack();
      |                   ^~~~~~~~~~~
      |                   create_stack
exercises.c:140:19: error: initialization of ‘Stack *’ {aka ‘List *’} from ‘int’ makes pointer from integer without a cast [-Werror=int-conversion]
exercises.c:145:24: error: expected expression before ‘/’ token
  145 |             *dato = 1; /
      |                        ^
exercises.c:148:17: error: implicit declaration of function ‘isEmpty’ [-Werror=implicit-function-declaration]
  148 |             if (isEmpty(pila)) {
      |                 ^~~~~~~
exercises.c:149:17: error: implicit declaration of function ‘freeStack’; did you mean ‘create_stack’? [-Werror=implicit-function-declaration]
  149 |                 freeStack(pila);
      |                 ^~~~~~~~~
      |                 create_stack
cc1: all warnings being treated as errors
Compilation failed
5b0e053
Thu 21 Mar 2024 12:40:28 AM UTC: 
 exercises.c | 2 +-
 1 file changed, 1 insertion(+), 1 deletion(-)
In file included from test.c:5:
exercises.c: In function ‘parentesisBalanceados’:
exercises.c:140:19: error: implicit declaration of function ‘createStack’; did you mean ‘create_stack’? [-Werror=implicit-function-declaration]
  140 |     Stack *pila = createStack();
      |                   ^~~~~~~~~~~
      |                   create_stack
exercises.c:140:19: error: initialization of ‘Stack *’ {aka ‘List *’} from ‘int’ makes pointer from integer without a cast [-Werror=int-conversion]
exercises.c:145:24: error: expected expression before ‘/’ token
  145 |             *dato = 1; /
      |                        ^
exercises.c:148:17: error: implicit declaration of function ‘isEmpty’ [-Werror=implicit-function-declaration]
  148 |             if (isEmpty(pila)) {
      |                 ^~~~~~~
exercises.c:149:17: error: implicit declaration of function ‘freeStack’; did you mean ‘create_stack’? [-Werror=implicit-function-declaration]
  149 |                 freeStack(pila);
      |                 ^~~~~~~~~
      |                 create_stack
cc1: all warnings being treated as errors
Compilation failed
dd7512d
Thu 21 Mar 2024 12:40:55 AM UTC: 
 exercises.c | 4 ++--
 1 file changed, 2 insertions(+), 2 deletions(-)
In file included from test.c:5:
exercises.c: In function ‘parentesisBalanceados’:
exercises.c:140:19: error: implicit declaration of function ‘createStack’; did you mean ‘create_stack’? [-Werror=implicit-function-declaration]
  140 |     Stack *pila = createStack();
      |                   ^~~~~~~~~~~
      |                   create_stack
exercises.c:140:19: error: initialization of ‘Stack *’ {aka ‘List *’} from ‘int’ makes pointer from integer without a cast [-Werror=int-conversion]
exercises.c:145:24: error: expected expression before ‘/’ token
  145 |             *dato = 1; /
      |                        ^
exercises.c:148:17: error: implicit declaration of function ‘isEmpty’ [-Werror=implicit-function-declaration]
  148 |             if (isEmpty(pila)) {
      |                 ^~~~~~~
cc1: all warnings being treated as errors
Compilation failed
7effa26
Thu 21 Mar 2024 12:41:23 AM UTC: 
 exercises.c | 2 +-
 1 file changed, 1 insertion(+), 1 deletion(-)
In file included from test.c:5:
exercises.c: In function ‘parentesisBalanceados’:
exercises.c:140:19: error: implicit declaration of function ‘createStack’; did you mean ‘create_stack’? [-Werror=implicit-function-declaration]
  140 |     Stack *pila = createStack();
      |                   ^~~~~~~~~~~
      |                   create_stack
exercises.c:140:19: error: initialization of ‘Stack *’ {aka ‘List *’} from ‘int’ makes pointer from integer without a cast [-Werror=int-conversion]
exercises.c:145:24: error: expected expression before ‘/’ token
  145 |             *dato = 1; /
      |                        ^
exercises.c:159:24: error: implicit declaration of function ‘isEmpty’ [-Werror=implicit-function-declaration]
  159 |     int esBalanceado = isEmpty(pila);
      |                        ^~~~~~~
cc1: all warnings being treated as errors
Compilation failed
3faaf5d
